[1.048s] Invoking command in '/home/naoki/ros2_ws/src/mypkg': PYTHONPATH=/home/naoki/ros2_ws/build/mypkg/prefix_override:/usr/lib/python3/dist-packages/colcon_core/task/python/colcon_distutils_commands:/home/naoki/ros2_ws/install/mypkg/lib/python3.8/site-packages:${PYTHONPATH} /usr/bin/python3 -W ignore:setup.py install is deprecated setup.py egg_info --egg-base ../../build/mypkg build --build-base /home/naoki/ros2_ws/build/mypkg/build install --record /home/naoki/ros2_ws/build/mypkg/install.log --install-scripts $base/lib/mypkg --single-version-externally-managed install_data
[1.170s] running egg_info
[1.170s] writing ../../build/mypkg/mypkg.egg-info/PKG-INFO
[1.170s] writing dependency_links to ../../build/mypkg/mypkg.egg-info/dependency_links.txt
[1.171s] writing entry points to ../../build/mypkg/mypkg.egg-info/entry_points.txt
[1.171s] writing requirements to ../../build/mypkg/mypkg.egg-info/requires.txt
[1.171s] writing top-level names to ../../build/mypkg/mypkg.egg-info/top_level.txt
[1.193s] reading manifest file '../../build/mypkg/mypkg.egg-info/SOURCES.txt'
[1.193s] writing manifest file '../../build/mypkg/mypkg.egg-info/SOURCES.txt'
[1.194s] running build
[1.194s] running build_py
[1.194s] running install
[1.194s] running install_lib
[1.196s] running install_data
[1.196s] running install_egg_info
[1.197s] removing '/home/naoki/ros2_ws/install/mypkg/lib/python3.8/site-packages/mypkg-0.0.0-py3.8.egg-info' (and everything under it)
[1.197s] Copying ../../build/mypkg/mypkg.egg-info to /home/naoki/ros2_ws/install/mypkg/lib/python3.8/site-packages/mypkg-0.0.0-py3.8.egg-info
[1.198s] running install_scripts
[1.212s] Installing listener script to /home/naoki/ros2_ws/install/mypkg/lib/mypkg
[1.212s] Installing talker script to /home/naoki/ros2_ws/install/mypkg/lib/mypkg
[1.213s] writing list of installed files to '/home/naoki/ros2_ws/build/mypkg/install.log'
[1.231s] Invoked command in '/home/naoki/ros2_ws/src/mypkg' returned '0': PYTHONPATH=/home/naoki/ros2_ws/build/mypkg/prefix_override:/usr/lib/python3/dist-packages/colcon_core/task/python/colcon_distutils_commands:/home/naoki/ros2_ws/install/mypkg/lib/python3.8/site-packages:${PYTHONPATH} /usr/bin/python3 -W ignore:setup.py install is deprecated setup.py egg_info --egg-base ../../build/mypkg build --build-base /home/naoki/ros2_ws/build/mypkg/build install --record /home/naoki/ros2_ws/build/mypkg/install.log --install-scripts $base/lib/mypkg --single-version-externally-managed install_data
