[0.412s] Invoking command in '/home/naoki/ros2_ws/build/person_msgs': CMAKE_PREFIX_PATH=${CMAKE_PREFIX_PATH}:/home/naoki/ros2_ws/install/mypkg:/opt/ros/foxy /usr/bin/cmake /home/naoki/ros2_ws/src/person_msgs -DCMAKE_INSTALL_PREFIX=/home/naoki/ros2_ws/install/person_msgs
[0.605s] -- The C compiler identification is GNU 9.4.0
[0.884s] -- The CXX compiler identification is GNU 9.4.0
[0.949s] -- Check for working C compiler: /usr/bin/cc
[1.105s] -- Check for working C compiler: /usr/bin/cc -- works
[1.107s] -- Detecting C compiler ABI info
[1.256s] -- Detecting C compiler ABI info - done
[1.289s] -- Detecting C compile features
[1.290s] -- Detecting C compile features - done
[1.297s] -- Check for working CXX compiler: /usr/bin/c++
[1.475s] -- Check for working CXX compiler: /usr/bin/c++ -- works
[1.477s] -- Detecting CXX compiler ABI info
[1.661s] -- Detecting CXX compiler ABI info - done
[1.685s] -- Detecting CXX compile features
[1.686s] -- Detecting CXX compile features - done
[1.693s] -- Found ament_cmake: 0.9.12 (/opt/ros/foxy/share/ament_cmake/cmake)
[1.751s] -- Found PythonInterp: /usr/bin/python3 (found suitable version "3.8.10", minimum required is "3") 
[1.751s] -- Using PYTHON_EXECUTABLE: /usr/bin/python3
[2.080s] -- Found rosidl_default_generators: 1.0.1 (/opt/ros/foxy/share/rosidl_default_generators/cmake)
[2.092s] -- Using all available rosidl_typesupport_c: rosidl_typesupport_fastrtps_c;rosidl_typesupport_introspection_c
[2.108s] -- Found rosidl_adapter: 1.3.1 (/opt/ros/foxy/share/rosidl_adapter/cmake)
[2.772s] -- Found OpenSSL: /usr/lib/x86_64-linux-gnu/libcrypto.so (found version "1.1.1f")  
[3.199s] -- Found FastRTPS: /opt/ros/foxy/include  
[3.670s] -- Using all available rosidl_typesupport_cpp: rosidl_typesupport_fastrtps_cpp;rosidl_typesupport_introspection_cpp
[3.721s] -- Found PythonInterp: /usr/bin/python3 (found version "3.8.10") 
[3.818s] -- Found ament_cmake_ros: 0.9.2 (/opt/ros/foxy/share/ament_cmake_ros/cmake)
[4.698s] -- Using all available rosidl_typesupport_c: rosidl_typesupport_fastrtps_c;rosidl_typesupport_introspection_c
[4.708s] -- Using all available rosidl_typesupport_cpp: rosidl_typesupport_fastrtps_cpp;rosidl_typesupport_introspection_cpp
[4.726s] -- Found PythonInterp: /usr/bin/python3 (found suitable version "3.8.10", minimum required is "3.5") 
[4.728s] -- Found python_cmake_module: 0.8.1 (/opt/ros/foxy/share/python_cmake_module/cmake)
[4.807s] -- Found PythonLibs: /usr/lib/x86_64-linux-gnu/libpython3.8.so (found suitable version "3.8.10", minimum required is "3.5") 
[4.808s] -- Using PYTHON_EXECUTABLE: /usr/bin/python3
[4.808s] -- Using PYTHON_INCLUDE_DIRS: /usr/include/python3.8
[4.808s] -- Using PYTHON_LIBRARIES: /usr/lib/x86_64-linux-gnu/libpython3.8.so
[4.823s] -- Found PythonExtra: .so  
[4.861s] -- Found ament_lint_auto: 0.9.8 (/opt/ros/foxy/share/ament_lint_auto/cmake)
[4.895s] -- Added test 'copyright' to check source files copyright and LICENSE
[4.898s] -- Added test 'lint_cmake' to check CMake code style
[4.900s] -- Added test 'xmllint' to check XML markup files
[4.903s] -- Configuring done
[4.927s] -- Generating done
[4.929s] -- Build files have been written to: /home/naoki/ros2_ws/build/person_msgs
[4.942s] Invoked command in '/home/naoki/ros2_ws/build/person_msgs' returned '0': CMAKE_PREFIX_PATH=${CMAKE_PREFIX_PATH}:/home/naoki/ros2_ws/install/mypkg:/opt/ros/foxy /usr/bin/cmake /home/naoki/ros2_ws/src/person_msgs -DCMAKE_INSTALL_PREFIX=/home/naoki/ros2_ws/install/person_msgs
[4.942s] Invoking command in '/home/naoki/ros2_ws/build/person_msgs': CMAKE_PREFIX_PATH=${CMAKE_PREFIX_PATH}:/home/naoki/ros2_ws/install/mypkg:/opt/ros/foxy /usr/bin/cmake --build /home/naoki/ros2_ws/build/person_msgs -- -j12 -l12
[4.973s] [35m[1mScanning dependencies of target person_msgs__cpp[0m
[4.974s] [  3%] [34m[1mGenerating C code for ROS interfaces[0m
[4.986s] [  6%] [34m[1mGenerating C++ code for ROS interfaces[0m
[5.253s] [35m[1mScanning dependencies of target person_msgs__rosidl_generator_c[0m
[5.256s] [  6%] Built target person_msgs__cpp
[5.268s] [  9%] [34m[1mGenerating C++ type support dispatch for ROS interfaces[0m
[5.275s] [ 12%] [34m[1mGenerating C++ type support for eProsima Fast-RTPS[0m
[5.275s] [ 16%] [34m[1mGenerating C++ introspection for ROS interfaces[0m
[5.275s] [ 19%] [32mBuilding C object CMakeFiles/person_msgs__rosidl_generator_c.dir/rosidl_generator_c/person_msgs/msg/detail/person__functions.c.o[0m
[5.371s] [ 22%] [32m[1mLinking C shared library libperson_msgs__rosidl_generator_c.so[0m
[5.439s] [ 22%] Built target person_msgs__rosidl_generator_c
[5.449s] [ 25%] [34m[1mGenerating C introspection for ROS interfaces[0m
[5.449s] [ 29%] [34m[1mGenerating C type support dispatch for ROS interfaces[0m
[5.494s] [35m[1mScanning dependencies of target person_msgs__rosidl_typesupport_introspection_cpp[0m
[5.495s] [35m[1mScanning dependencies of target person_msgs__rosidl_typesupport_cpp[0m
[5.505s] [35m[1mScanning dependencies of target person_msgs__rosidl_typesupport_fastrtps_cpp[0m
[5.508s] [ 32%] [32mBuilding CXX object CMakeFiles/person_msgs__rosidl_typesupport_cpp.dir/rosidl_typesupport_cpp/person_msgs/msg/person__type_support.cpp.o[0m
[5.514s] [ 35%] [32mBuilding CXX object CMakeFiles/person_msgs__rosidl_typesupport_introspection_cpp.dir/rosidl_typesupport_introspection_cpp/person_msgs/msg/detail/person__type_support.cpp.o[0m
[5.521s] [ 38%] [32mBuilding CXX object CMakeFiles/person_msgs__rosidl_typesupport_fastrtps_cpp.dir/rosidl_typesupport_fastrtps_cpp/person_msgs/msg/detail/dds_fastrtps/person__type_support.cpp.o[0m
[5.666s] [35m[1mScanning dependencies of target person_msgs__rosidl_typesupport_c[0m
[5.682s] [ 41%] [32mBuilding CXX object CMakeFiles/person_msgs__rosidl_typesupport_c.dir/rosidl_typesupport_c/person_msgs/msg/person__type_support.cpp.o[0m
[5.697s] [35m[1mScanning dependencies of target person_msgs__rosidl_typesupport_introspection_c[0m
[5.712s] [ 45%] [32mBuilding C object CMakeFiles/person_msgs__rosidl_typesupport_introspection_c.dir/rosidl_typesupport_introspection_c/person_msgs/msg/detail/person__type_support.c.o[0m
[5.721s] [ 48%] [32m[1mLinking CXX shared library libperson_msgs__rosidl_typesupport_c.so[0m
[5.757s] [ 51%] [32m[1mLinking C shared library libperson_msgs__rosidl_typesupport_introspection_c.so[0m
[5.813s] [ 51%] Built target person_msgs__rosidl_typesupport_c
[5.835s] [ 51%] Built target person_msgs__rosidl_typesupport_introspection_c
[5.882s] [ 54%] [32m[1mLinking CXX shared library libperson_msgs__rosidl_typesupport_cpp.so[0m
[5.902s] [ 58%] [32m[1mLinking CXX shared library libperson_msgs__rosidl_typesupport_introspection_cpp.so[0m
[5.956s] [ 58%] Built target person_msgs__rosidl_typesupport_cpp
[5.984s] [ 58%] Built target person_msgs__rosidl_typesupport_introspection_cpp
[6.009s] [ 61%] [32m[1mLinking CXX shared library libperson_msgs__rosidl_typesupport_fastrtps_cpp.so[0m
[6.112s] [ 61%] Built target person_msgs__rosidl_typesupport_fastrtps_cpp
[6.120s] [ 64%] [34m[1mGenerating C type support for eProsima Fast-RTPS[0m
[6.273s] [35m[1mScanning dependencies of target person_msgs__rosidl_typesupport_fastrtps_c[0m
[6.284s] [ 67%] [32mBuilding CXX object CMakeFiles/person_msgs__rosidl_typesupport_fastrtps_c.dir/rosidl_typesupport_fastrtps_c/person_msgs/msg/detail/person__type_support_c.cpp.o[0m
[6.503s] [ 70%] [32m[1mLinking CXX shared library libperson_msgs__rosidl_typesupport_fastrtps_c.so[0m
[6.578s] [ 70%] Built target person_msgs__rosidl_typesupport_fastrtps_c
[6.586s] [35m[1mScanning dependencies of target person_msgs[0m
[6.594s] [ 70%] Built target person_msgs
[6.602s] [35m[1mScanning dependencies of target person_msgs__py[0m
[6.608s] [ 74%] [34m[1mGenerating Python code for ROS interfaces[0m
[6.980s] [ 74%] Built target person_msgs__py
[6.988s] [35m[1mScanning dependencies of target person_msgs__python[0m
[7.028s] [ 77%] [32mBuilding C object CMakeFiles/person_msgs__python.dir/rosidl_generator_py/person_msgs/msg/_person_s.c.o[0m
[7.097s] [ 80%] [32m[1mLinking C shared library rosidl_generator_py/person_msgs/libperson_msgs__python.so[0m
[7.136s] [ 80%] Built target person_msgs__python
[7.145s] [35m[1mScanning dependencies of target person_msgs__rosidl_typesupport_c__pyext[0m
[7.145s] [35m[1mScanning dependencies of target person_msgs__rosidl_typesupport_introspection_c__pyext[0m
[7.146s] [35m[1mScanning dependencies of target person_msgs__rosidl_typesupport_fastrtps_c__pyext[0m
[7.166s] [ 83%] [32mBuilding C object CMakeFiles/person_msgs__rosidl_typesupport_fastrtps_c__pyext.dir/rosidl_generator_py/person_msgs/_person_msgs_s.ep.rosidl_typesupport_fastrtps_c.c.o[0m
[7.169s] [ 87%] [32mBuilding C object CMakeFiles/person_msgs__rosidl_typesupport_c__pyext.dir/rosidl_generator_py/person_msgs/_person_msgs_s.ep.rosidl_typesupport_c.c.o[0m
[7.205s] [ 90%] [32mBuilding C object CMakeFiles/person_msgs__rosidl_typesupport_introspection_c__pyext.dir/rosidl_generator_py/person_msgs/_person_msgs_s.ep.rosidl_typesupport_introspection_c.c.o[0m
[7.264s] [ 93%] [32m[1mLinking CXX shared library rosidl_generator_py/person_msgs/person_msgs_s__rosidl_typesupport_fastrtps_c.cpython-38-x86_64-linux-gnu.so[0m
[7.283s] [ 96%] [32m[1mLinking C shared library rosidl_generator_py/person_msgs/person_msgs_s__rosidl_typesupport_c.cpython-38-x86_64-linux-gnu.so[0m
[7.283s] [100%] [32m[1mLinking C shared library rosidl_generator_py/person_msgs/person_msgs_s__rosidl_typesupport_introspection_c.cpython-38-x86_64-linux-gnu.so[0m
[7.338s] [100%] Built target person_msgs__rosidl_typesupport_introspection_c__pyext
[7.347s] [100%] Built target person_msgs__rosidl_typesupport_c__pyext
[7.362s] [100%] Built target person_msgs__rosidl_typesupport_fastrtps_c__pyext
[7.373s] Invoked command in '/home/naoki/ros2_ws/build/person_msgs' returned '0': CMAKE_PREFIX_PATH=${CMAKE_PREFIX_PATH}:/home/naoki/ros2_ws/install/mypkg:/opt/ros/foxy /usr/bin/cmake --build /home/naoki/ros2_ws/build/person_msgs -- -j12 -l12
[7.414s] Invoking command in '/home/naoki/ros2_ws/build/person_msgs': CMAKE_PREFIX_PATH=${CMAKE_PREFIX_PATH}:/home/naoki/ros2_ws/install/mypkg:/opt/ros/foxy /usr/bin/cmake --install /home/naoki/ros2_ws/build/person_msgs
[7.421s] -- Install configuration: ""
[7.422s] -- Installing: /home/naoki/ros2_ws/install/person_msgs/share/ament_index/resource_index/rosidl_interfaces/person_msgs
[7.422s] -- Installing: /home/naoki/ros2_ws/install/person_msgs/include/person_msgs
[7.422s] -- Installing: /home/naoki/ros2_ws/install/person_msgs/include/person_msgs/msg
[7.422s] -- Installing: /home/naoki/ros2_ws/install/person_msgs/include/person_msgs/msg/detail
[7.423s] -- Installing: /home/naoki/ros2_ws/install/person_msgs/include/person_msgs/msg/detail/person__functions.h
[7.423s] -- Installing: /home/naoki/ros2_ws/install/person_msgs/include/person_msgs/msg/detail/person__struct.h
[7.423s] -- Installing: /home/naoki/ros2_ws/install/person_msgs/include/person_msgs/msg/detail/person__functions.c
[7.423s] -- Installing: /home/naoki/ros2_ws/install/person_msgs/include/person_msgs/msg/detail/person__type_support.h
[7.423s] -- Installing: /home/naoki/ros2_ws/install/person_msgs/include/person_msgs/msg/rosidl_generator_c__visibility_control.h
[7.423s] -- Installing: /home/naoki/ros2_ws/install/person_msgs/include/person_msgs/msg/person.h
[7.424s] -- Installing: /home/naoki/ros2_ws/install/person_msgs/share/person_msgs/environment/library_path.sh
[7.424s] -- Installing: /home/naoki/ros2_ws/install/person_msgs/share/person_msgs/environment/library_path.dsv
[7.424s] -- Installing: /home/naoki/ros2_ws/install/person_msgs/lib/libperson_msgs__rosidl_generator_c.so
[7.424s] -- Set runtime path of "/home/naoki/ros2_ws/install/person_msgs/lib/libperson_msgs__rosidl_generator_c.so" to ""
[7.424s] -- Up-to-date: /home/naoki/ros2_ws/install/person_msgs/include/person_msgs
[7.424s] -- Up-to-date: /home/naoki/ros2_ws/install/person_msgs/include/person_msgs/msg
[7.424s] -- Up-to-date: /home/naoki/ros2_ws/install/person_msgs/include/person_msgs/msg/detail
[7.425s] -- Installing: /home/naoki/ros2_ws/install/person_msgs/include/person_msgs/msg/detail/person__rosidl_typesupport_fastrtps_c.h
[7.425s] -- Installing: /home/naoki/ros2_ws/install/person_msgs/include/person_msgs/msg/rosidl_typesupport_fastrtps_c__visibility_control.h
[7.426s] -- Installing: /home/naoki/ros2_ws/install/person_msgs/lib/libperson_msgs__rosidl_typesupport_fastrtps_c.so
[7.426s] -- Set runtime path of "/home/naoki/ros2_ws/install/person_msgs/lib/libperson_msgs__rosidl_typesupport_fastrtps_c.so" to ""
[7.426s] -- Up-to-date: /home/naoki/ros2_ws/install/person_msgs/include/person_msgs
[7.427s] -- Up-to-date: /home/naoki/ros2_ws/install/person_msgs/include/person_msgs/msg
[7.427s] -- Up-to-date: /home/naoki/ros2_ws/install/person_msgs/include/person_msgs/msg/detail
[7.427s] -- Installing: /home/naoki/ros2_ws/install/person_msgs/include/person_msgs/msg/detail/dds_fastrtps
[7.427s] -- Installing: /home/naoki/ros2_ws/install/person_msgs/include/person_msgs/msg/detail/person__rosidl_typesupport_fastrtps_cpp.hpp
[7.428s] -- Installing: /home/naoki/ros2_ws/install/person_msgs/include/person_msgs/msg/rosidl_typesupport_fastrtps_cpp__visibility_control.h
[7.428s] -- Installing: /home/naoki/ros2_ws/install/person_msgs/lib/libperson_msgs__rosidl_typesupport_fastrtps_cpp.so
[7.428s] -- Set runtime path of "/home/naoki/ros2_ws/install/person_msgs/lib/libperson_msgs__rosidl_typesupport_fastrtps_cpp.so" to ""
[7.428s] -- Up-to-date: /home/naoki/ros2_ws/install/person_msgs/include/person_msgs
[7.428s] -- Up-to-date: /home/naoki/ros2_ws/install/person_msgs/include/person_msgs/msg
[7.428s] -- Up-to-date: /home/naoki/ros2_ws/install/person_msgs/include/person_msgs/msg/detail
[7.429s] -- Installing: /home/naoki/ros2_ws/install/person_msgs/include/person_msgs/msg/detail/person__rosidl_typesupport_introspection_c.h
[7.429s] -- Installing: /home/naoki/ros2_ws/install/person_msgs/include/person_msgs/msg/detail/person__type_support.c
[7.429s] -- Installing: /home/naoki/ros2_ws/install/person_msgs/include/person_msgs/msg/rosidl_typesupport_introspection_c__visibility_control.h
[7.429s] -- Installing: /home/naoki/ros2_ws/install/person_msgs/lib/libperson_msgs__rosidl_typesupport_introspection_c.so
[7.430s] -- Set runtime path of "/home/naoki/ros2_ws/install/person_msgs/lib/libperson_msgs__rosidl_typesupport_introspection_c.so" to ""
[7.430s] -- Installing: /home/naoki/ros2_ws/install/person_msgs/lib/libperson_msgs__rosidl_typesupport_c.so
[7.430s] -- Set runtime path of "/home/naoki/ros2_ws/install/person_msgs/lib/libperson_msgs__rosidl_typesupport_c.so" to ""
[7.430s] -- Up-to-date: /home/naoki/ros2_ws/install/person_msgs/include/person_msgs
[7.431s] -- Up-to-date: /home/naoki/ros2_ws/install/person_msgs/include/person_msgs/msg
[7.431s] -- Up-to-date: /home/naoki/ros2_ws/install/person_msgs/include/person_msgs/msg/detail
[7.431s] -- Installing: /home/naoki/ros2_ws/install/person_msgs/include/person_msgs/msg/detail/person__builder.hpp
[7.431s] -- Installing: /home/naoki/ros2_ws/install/person_msgs/include/person_msgs/msg/detail/person__traits.hpp
[7.432s] -- Installing: /home/naoki/ros2_ws/install/person_msgs/include/person_msgs/msg/detail/person__struct.hpp
[7.432s] -- Installing: /home/naoki/ros2_ws/install/person_msgs/include/person_msgs/msg/detail/person__type_support.hpp
[7.432s] -- Installing: /home/naoki/ros2_ws/install/person_msgs/include/person_msgs/msg/rosidl_generator_cpp__visibility_control.hpp
[7.432s] -- Installing: /home/naoki/ros2_ws/install/person_msgs/include/person_msgs/msg/person.hpp
[7.432s] -- Up-to-date: /home/naoki/ros2_ws/install/person_msgs/include/person_msgs
[7.432s] -- Up-to-date: /home/naoki/ros2_ws/install/person_msgs/include/person_msgs/msg
[7.432s] -- Up-to-date: /home/naoki/ros2_ws/install/person_msgs/include/person_msgs/msg/detail
[7.432s] -- Installing: /home/naoki/ros2_ws/install/person_msgs/include/person_msgs/msg/detail/person__type_support.cpp
[7.432s] -- Installing: /home/naoki/ros2_ws/install/person_msgs/include/person_msgs/msg/detail/person__rosidl_typesupport_introspection_cpp.hpp
[7.432s] -- Installing: /home/naoki/ros2_ws/install/person_msgs/lib/libperson_msgs__rosidl_typesupport_introspection_cpp.so
[7.432s] -- Set runtime path of "/home/naoki/ros2_ws/install/person_msgs/lib/libperson_msgs__rosidl_typesupport_introspection_cpp.so" to ""
[7.432s] -- Installing: /home/naoki/ros2_ws/install/person_msgs/lib/libperson_msgs__rosidl_typesupport_cpp.so
[7.432s] -- Set runtime path of "/home/naoki/ros2_ws/install/person_msgs/lib/libperson_msgs__rosidl_typesupport_cpp.so" to ""
[7.432s] -- Installing: /home/naoki/ros2_ws/install/person_msgs/share/person_msgs/environment/pythonpath.sh
[7.432s] -- Installing: /home/naoki/ros2_ws/install/person_msgs/share/person_msgs/environment/pythonpath.dsv
[7.433s] -- Installing: /home/naoki/ros2_ws/install/person_msgs/lib/python3.8/site-packages/person_msgs/__init__.py
[7.454s] Compiling '/home/naoki/ros2_ws/install/person_msgs/lib/python3.8/site-packages/person_msgs/__init__.py'...
[7.457s] -- Installing: /home/naoki/ros2_ws/install/person_msgs/lib/python3.8/site-packages/person_msgs/msg
[7.458s] -- Installing: /home/naoki/ros2_ws/install/person_msgs/lib/python3.8/site-packages/person_msgs/msg/_person_s.c
[7.459s] -- Installing: /home/naoki/ros2_ws/install/person_msgs/lib/python3.8/site-packages/person_msgs/msg/_person.py
[7.459s] -- Installing: /home/naoki/ros2_ws/install/person_msgs/lib/python3.8/site-packages/person_msgs/msg/__init__.py
[7.459s] -- Installing: /home/naoki/ros2_ws/install/person_msgs/lib/python3.8/site-packages/person_msgs/person_msgs_s__rosidl_typesupport_fastrtps_c.cpython-38-x86_64-linux-gnu.so
[7.460s] -- Set runtime path of "/home/naoki/ros2_ws/install/person_msgs/lib/python3.8/site-packages/person_msgs/person_msgs_s__rosidl_typesupport_fastrtps_c.cpython-38-x86_64-linux-gnu.so" to ""
[7.461s] -- Installing: /home/naoki/ros2_ws/install/person_msgs/lib/python3.8/site-packages/person_msgs/person_msgs_s__rosidl_typesupport_introspection_c.cpython-38-x86_64-linux-gnu.so
[7.462s] -- Set runtime path of "/home/naoki/ros2_ws/install/person_msgs/lib/python3.8/site-packages/person_msgs/person_msgs_s__rosidl_typesupport_introspection_c.cpython-38-x86_64-linux-gnu.so" to ""
[7.463s] -- Installing: /home/naoki/ros2_ws/install/person_msgs/lib/python3.8/site-packages/person_msgs/person_msgs_s__rosidl_typesupport_c.cpython-38-x86_64-linux-gnu.so
[7.464s] -- Set runtime path of "/home/naoki/ros2_ws/install/person_msgs/lib/python3.8/site-packages/person_msgs/person_msgs_s__rosidl_typesupport_c.cpython-38-x86_64-linux-gnu.so" to ""
[7.464s] -- Installing: /home/naoki/ros2_ws/install/person_msgs/lib/libperson_msgs__python.so
[7.464s] -- Set runtime path of "/home/naoki/ros2_ws/install/person_msgs/lib/libperson_msgs__python.so" to ""
[7.465s] -- Installing: /home/naoki/ros2_ws/install/person_msgs/share/person_msgs/msg/Person.idl
[7.466s] -- Installing: /home/naoki/ros2_ws/install/person_msgs/share/person_msgs/msg/Person.msg
[7.466s] -- Installing: /home/naoki/ros2_ws/install/person_msgs/share/ament_index/resource_index/package_run_dependencies/person_msgs
[7.466s] -- Installing: /home/naoki/ros2_ws/install/person_msgs/share/ament_index/resource_index/parent_prefix_path/person_msgs
[7.466s] -- Installing: /home/naoki/ros2_ws/install/person_msgs/share/person_msgs/environment/ament_prefix_path.sh
[7.466s] -- Installing: /home/naoki/ros2_ws/install/person_msgs/share/person_msgs/environment/ament_prefix_path.dsv
[7.467s] -- Installing: /home/naoki/ros2_ws/install/person_msgs/share/person_msgs/environment/path.sh
[7.467s] -- Installing: /home/naoki/ros2_ws/install/person_msgs/share/person_msgs/environment/path.dsv
[7.467s] -- Installing: /home/naoki/ros2_ws/install/person_msgs/share/person_msgs/local_setup.bash
[7.467s] -- Installing: /home/naoki/ros2_ws/install/person_msgs/share/person_msgs/local_setup.sh
[7.468s] -- Installing: /home/naoki/ros2_ws/install/person_msgs/share/person_msgs/local_setup.zsh
[7.468s] -- Installing: /home/naoki/ros2_ws/install/person_msgs/share/person_msgs/local_setup.dsv
[7.468s] -- Installing: /home/naoki/ros2_ws/install/person_msgs/share/person_msgs/package.dsv
[7.469s] -- Installing: /home/naoki/ros2_ws/install/person_msgs/share/ament_index/resource_index/packages/person_msgs
[7.469s] -- Installing: /home/naoki/ros2_ws/install/person_msgs/share/person_msgs/cmake/person_msgs__rosidl_generator_cExport.cmake
[7.470s] -- Installing: /home/naoki/ros2_ws/install/person_msgs/share/person_msgs/cmake/person_msgs__rosidl_generator_cExport-noconfig.cmake
[7.470s] -- Installing: /home/naoki/ros2_ws/install/person_msgs/share/person_msgs/cmake/person_msgs__rosidl_typesupport_introspection_cExport.cmake
[7.470s] -- Installing: /home/naoki/ros2_ws/install/person_msgs/share/person_msgs/cmake/person_msgs__rosidl_typesupport_introspection_cExport-noconfig.cmake
[7.470s] -- Installing: /home/naoki/ros2_ws/install/person_msgs/share/person_msgs/cmake/person_msgs__rosidl_typesupport_cExport.cmake
[7.470s] -- Installing: /home/naoki/ros2_ws/install/person_msgs/share/person_msgs/cmake/person_msgs__rosidl_typesupport_cExport-noconfig.cmake
[7.470s] -- Installing: /home/naoki/ros2_ws/install/person_msgs/share/person_msgs/cmake/person_msgs__rosidl_generator_cppExport.cmake
[7.470s] -- Installing: /home/naoki/ros2_ws/install/person_msgs/share/person_msgs/cmake/person_msgs__rosidl_typesupport_introspection_cppExport.cmake
[7.471s] -- Installing: /home/naoki/ros2_ws/install/person_msgs/share/person_msgs/cmake/person_msgs__rosidl_typesupport_introspection_cppExport-noconfig.cmake
[7.471s] -- Installing: /home/naoki/ros2_ws/install/person_msgs/share/person_msgs/cmake/person_msgs__rosidl_typesupport_cppExport.cmake
[7.471s] -- Installing: /home/naoki/ros2_ws/install/person_msgs/share/person_msgs/cmake/person_msgs__rosidl_typesupport_cppExport-noconfig.cmake
[7.471s] -- Installing: /home/naoki/ros2_ws/install/person_msgs/share/person_msgs/cmake/rosidl_cmake-extras.cmake
[7.471s] -- Installing: /home/naoki/ros2_ws/install/person_msgs/share/person_msgs/cmake/ament_cmake_export_dependencies-extras.cmake
[7.471s] -- Installing: /home/naoki/ros2_ws/install/person_msgs/share/person_msgs/cmake/ament_cmake_export_libraries-extras.cmake
[7.471s] -- Installing: /home/naoki/ros2_ws/install/person_msgs/share/person_msgs/cmake/ament_cmake_export_targets-extras.cmake
[7.471s] -- Installing: /home/naoki/ros2_ws/install/person_msgs/share/person_msgs/cmake/ament_cmake_export_include_directories-extras.cmake
[7.472s] -- Installing: /home/naoki/ros2_ws/install/person_msgs/share/person_msgs/cmake/rosidl_cmake_export_typesupport_libraries-extras.cmake
[7.472s] -- Installing: /home/naoki/ros2_ws/install/person_msgs/share/person_msgs/cmake/rosidl_cmake_export_typesupport_targets-extras.cmake
[7.472s] -- Installing: /home/naoki/ros2_ws/install/person_msgs/share/person_msgs/cmake/person_msgsConfig.cmake
[7.473s] -- Installing: /home/naoki/ros2_ws/install/person_msgs/share/person_msgs/cmake/person_msgsConfig-version.cmake
[7.473s] -- Installing: /home/naoki/ros2_ws/install/person_msgs/share/person_msgs/package.xml
[7.473s] Invoked command in '/home/naoki/ros2_ws/build/person_msgs' returned '0': CMAKE_PREFIX_PATH=${CMAKE_PREFIX_PATH}:/home/naoki/ros2_ws/install/mypkg:/opt/ros/foxy /usr/bin/cmake --install /home/naoki/ros2_ws/build/person_msgs
