[0.060s] Invoking command in '/home/naoki/ros2_ws/build/custom_msgs': CMAKE_PREFIX_PATH=${CMAKE_PREFIX_PATH}:/home/naoki/ros2_ws/install/mypkg:/opt/ros/foxy /usr/bin/cmake --build /home/naoki/ros2_ws/build/custom_msgs -- -j12 -l12
[0.477s] [  3%] Built target custom_msgs__cpp
[0.477s] [ 12%] Built target custom_msgs__rosidl_generator_c
[0.477s] [ 22%] Built target custom_msgs__rosidl_typesupport_cpp
[0.477s] [ 32%] Built target custom_msgs__rosidl_typesupport_introspection_cpp
[0.477s] [ 41%] Built target custom_msgs__rosidl_typesupport_fastrtps_cpp
[0.478s] [ 51%] Built target custom_msgs__rosidl_typesupport_c
[0.478s] [ 61%] Built target custom_msgs__rosidl_typesupport_introspection_c
[0.478s] [ 70%] Built target custom_msgs__rosidl_typesupport_fastrtps_c
[0.478s] [ 70%] Built target custom_msgs
[0.478s] [ 74%] Built target custom_msgs__py
[0.478s] [ 80%] Built target custom_msgs__python
[0.483s] [ 87%] Built target custom_msgs__rosidl_typesupport_c__pyext
[0.483s] [ 93%] Built target custom_msgs__rosidl_typesupport_introspection_c__pyext
[0.484s] [100%] Built target custom_msgs__rosidl_typesupport_fastrtps_c__pyext
[0.484s] Invoked command in '/home/naoki/ros2_ws/build/custom_msgs' returned '0': CMAKE_PREFIX_PATH=${CMAKE_PREFIX_PATH}:/home/naoki/ros2_ws/install/mypkg:/opt/ros/foxy /usr/bin/cmake --build /home/naoki/ros2_ws/build/custom_msgs -- -j12 -l12
[0.621s] Invoking command in '/home/naoki/ros2_ws/build/custom_msgs': CMAKE_PREFIX_PATH=${CMAKE_PREFIX_PATH}:/home/naoki/ros2_ws/install/mypkg:/opt/ros/foxy /usr/bin/cmake --install /home/naoki/ros2_ws/build/custom_msgs
[0.633s] -- Install configuration: ""
[0.634s] -- Up-to-date: /home/naoki/ros2_ws/install/custom_msgs/share/ament_index/resource_index/rosidl_interfaces/custom_msgs
[0.634s] -- Up-to-date: /home/naoki/ros2_ws/install/custom_msgs/include/custom_msgs
[0.634s] -- Up-to-date: /home/naoki/ros2_ws/install/custom_msgs/include/custom_msgs/msg
[0.635s] -- Up-to-date: /home/naoki/ros2_ws/install/custom_msgs/include/custom_msgs/msg/detail
[0.635s] -- Up-to-date: /home/naoki/ros2_ws/install/custom_msgs/include/custom_msgs/msg/detail/shape_info__functions.h
[0.636s] -- Up-to-date: /home/naoki/ros2_ws/install/custom_msgs/include/custom_msgs/msg/detail/shape_info__struct.h
[0.636s] -- Up-to-date: /home/naoki/ros2_ws/install/custom_msgs/include/custom_msgs/msg/detail/shape_info__functions.c
[0.636s] -- Up-to-date: /home/naoki/ros2_ws/install/custom_msgs/include/custom_msgs/msg/detail/shape_info__type_support.h
[0.637s] -- Up-to-date: /home/naoki/ros2_ws/install/custom_msgs/include/custom_msgs/msg/rosidl_generator_c__visibility_control.h
[0.638s] -- Up-to-date: /home/naoki/ros2_ws/install/custom_msgs/include/custom_msgs/msg/shape_info.h
[0.638s] -- Up-to-date: /home/naoki/ros2_ws/install/custom_msgs/share/custom_msgs/environment/library_path.sh
[0.638s] -- Up-to-date: /home/naoki/ros2_ws/install/custom_msgs/share/custom_msgs/environment/library_path.dsv
[0.639s] -- Up-to-date: /home/naoki/ros2_ws/install/custom_msgs/lib/libcustom_msgs__rosidl_generator_c.so
[0.639s] -- Up-to-date: /home/naoki/ros2_ws/install/custom_msgs/include/custom_msgs
[0.640s] -- Up-to-date: /home/naoki/ros2_ws/install/custom_msgs/include/custom_msgs/msg
[0.640s] -- Up-to-date: /home/naoki/ros2_ws/install/custom_msgs/include/custom_msgs/msg/detail
[0.640s] -- Up-to-date: /home/naoki/ros2_ws/install/custom_msgs/include/custom_msgs/msg/detail/shape_info__rosidl_typesupport_fastrtps_c.h
[0.641s] -- Up-to-date: /home/naoki/ros2_ws/install/custom_msgs/include/custom_msgs/msg/rosidl_typesupport_fastrtps_c__visibility_control.h
[0.641s] -- Up-to-date: /home/naoki/ros2_ws/install/custom_msgs/lib/libcustom_msgs__rosidl_typesupport_fastrtps_c.so
[0.642s] -- Up-to-date: /home/naoki/ros2_ws/install/custom_msgs/include/custom_msgs
[0.642s] -- Up-to-date: /home/naoki/ros2_ws/install/custom_msgs/include/custom_msgs/msg
[0.642s] -- Up-to-date: /home/naoki/ros2_ws/install/custom_msgs/include/custom_msgs/msg/detail
[0.642s] -- Up-to-date: /home/naoki/ros2_ws/install/custom_msgs/include/custom_msgs/msg/detail/shape_info__rosidl_typesupport_fastrtps_cpp.hpp
[0.642s] -- Up-to-date: /home/naoki/ros2_ws/install/custom_msgs/include/custom_msgs/msg/detail/dds_fastrtps
[0.642s] -- Up-to-date: /home/naoki/ros2_ws/install/custom_msgs/include/custom_msgs/msg/rosidl_typesupport_fastrtps_cpp__visibility_control.h
[0.643s] -- Up-to-date: /home/naoki/ros2_ws/install/custom_msgs/lib/libcustom_msgs__rosidl_typesupport_fastrtps_cpp.so
[0.643s] -- Up-to-date: /home/naoki/ros2_ws/install/custom_msgs/include/custom_msgs
[0.643s] -- Up-to-date: /home/naoki/ros2_ws/install/custom_msgs/include/custom_msgs/msg
[0.643s] -- Up-to-date: /home/naoki/ros2_ws/install/custom_msgs/include/custom_msgs/msg/detail
[0.643s] -- Up-to-date: /home/naoki/ros2_ws/install/custom_msgs/include/custom_msgs/msg/detail/shape_info__rosidl_typesupport_introspection_c.h
[0.643s] -- Up-to-date: /home/naoki/ros2_ws/install/custom_msgs/include/custom_msgs/msg/detail/shape_info__type_support.c
[0.644s] -- Up-to-date: /home/naoki/ros2_ws/install/custom_msgs/include/custom_msgs/msg/rosidl_typesupport_introspection_c__visibility_control.h
[0.644s] -- Up-to-date: /home/naoki/ros2_ws/install/custom_msgs/lib/libcustom_msgs__rosidl_typesupport_introspection_c.so
[0.644s] -- Up-to-date: /home/naoki/ros2_ws/install/custom_msgs/lib/libcustom_msgs__rosidl_typesupport_c.so
[0.644s] -- Up-to-date: /home/naoki/ros2_ws/install/custom_msgs/include/custom_msgs
[0.644s] -- Up-to-date: /home/naoki/ros2_ws/install/custom_msgs/include/custom_msgs/msg
[0.644s] -- Up-to-date: /home/naoki/ros2_ws/install/custom_msgs/include/custom_msgs/msg/detail
[0.645s] -- Up-to-date: /home/naoki/ros2_ws/install/custom_msgs/include/custom_msgs/msg/detail/shape_info__struct.hpp
[0.645s] -- Up-to-date: /home/naoki/ros2_ws/install/custom_msgs/include/custom_msgs/msg/detail/shape_info__type_support.hpp
[0.645s] -- Up-to-date: /home/naoki/ros2_ws/install/custom_msgs/include/custom_msgs/msg/detail/shape_info__builder.hpp
[0.645s] -- Up-to-date: /home/naoki/ros2_ws/install/custom_msgs/include/custom_msgs/msg/detail/shape_info__traits.hpp
[0.645s] -- Up-to-date: /home/naoki/ros2_ws/install/custom_msgs/include/custom_msgs/msg/shape_info.hpp
[0.645s] -- Up-to-date: /home/naoki/ros2_ws/install/custom_msgs/include/custom_msgs/msg/rosidl_generator_cpp__visibility_control.hpp
[0.646s] -- Up-to-date: /home/naoki/ros2_ws/install/custom_msgs/include/custom_msgs
[0.646s] -- Up-to-date: /home/naoki/ros2_ws/install/custom_msgs/include/custom_msgs/msg
[0.646s] -- Up-to-date: /home/naoki/ros2_ws/install/custom_msgs/include/custom_msgs/msg/detail
[0.646s] -- Up-to-date: /home/naoki/ros2_ws/install/custom_msgs/include/custom_msgs/msg/detail/shape_info__type_support.cpp
[0.646s] -- Up-to-date: /home/naoki/ros2_ws/install/custom_msgs/include/custom_msgs/msg/detail/shape_info__rosidl_typesupport_introspection_cpp.hpp
[0.646s] -- Up-to-date: /home/naoki/ros2_ws/install/custom_msgs/lib/libcustom_msgs__rosidl_typesupport_introspection_cpp.so
[0.647s] -- Up-to-date: /home/naoki/ros2_ws/install/custom_msgs/lib/libcustom_msgs__rosidl_typesupport_cpp.so
[0.647s] -- Up-to-date: /home/naoki/ros2_ws/install/custom_msgs/share/custom_msgs/environment/pythonpath.sh
[0.647s] -- Up-to-date: /home/naoki/ros2_ws/install/custom_msgs/share/custom_msgs/environment/pythonpath.dsv
[0.647s] -- Up-to-date: /home/naoki/ros2_ws/install/custom_msgs/lib/python3.8/site-packages/custom_msgs/__init__.py
[0.705s] -- Up-to-date: /home/naoki/ros2_ws/install/custom_msgs/lib/python3.8/site-packages/custom_msgs/msg
[0.705s] -- Up-to-date: /home/naoki/ros2_ws/install/custom_msgs/lib/python3.8/site-packages/custom_msgs/msg/_shape_info_s.c
[0.706s] -- Up-to-date: /home/naoki/ros2_ws/install/custom_msgs/lib/python3.8/site-packages/custom_msgs/msg/_shape_info.py
[0.706s] -- Up-to-date: /home/naoki/ros2_ws/install/custom_msgs/lib/python3.8/site-packages/custom_msgs/msg/__init__.py
[0.706s] -- Up-to-date: /home/naoki/ros2_ws/install/custom_msgs/lib/python3.8/site-packages/custom_msgs/custom_msgs_s__rosidl_typesupport_fastrtps_c.cpython-38-x86_64-linux-gnu.so
[0.707s] -- Up-to-date: /home/naoki/ros2_ws/install/custom_msgs/lib/python3.8/site-packages/custom_msgs/custom_msgs_s__rosidl_typesupport_introspection_c.cpython-38-x86_64-linux-gnu.so
[0.709s] -- Up-to-date: /home/naoki/ros2_ws/install/custom_msgs/lib/python3.8/site-packages/custom_msgs/custom_msgs_s__rosidl_typesupport_c.cpython-38-x86_64-linux-gnu.so
[0.710s] -- Up-to-date: /home/naoki/ros2_ws/install/custom_msgs/lib/libcustom_msgs__python.so
[0.710s] -- Up-to-date: /home/naoki/ros2_ws/install/custom_msgs/share/custom_msgs/msg/ShapeInfo.idl
[0.710s] -- Up-to-date: /home/naoki/ros2_ws/install/custom_msgs/share/custom_msgs/msg/ShapeInfo.msg
[0.711s] -- Up-to-date: /home/naoki/ros2_ws/install/custom_msgs/share/ament_index/resource_index/package_run_dependencies/custom_msgs
[0.711s] -- Up-to-date: /home/naoki/ros2_ws/install/custom_msgs/share/ament_index/resource_index/parent_prefix_path/custom_msgs
[0.712s] -- Up-to-date: /home/naoki/ros2_ws/install/custom_msgs/share/custom_msgs/environment/ament_prefix_path.sh
[0.712s] -- Up-to-date: /home/naoki/ros2_ws/install/custom_msgs/share/custom_msgs/environment/ament_prefix_path.dsv
[0.713s] -- Up-to-date: /home/naoki/ros2_ws/install/custom_msgs/share/custom_msgs/environment/path.sh
[0.714s] -- Up-to-date: /home/naoki/ros2_ws/install/custom_msgs/share/custom_msgs/environment/path.dsv
[0.714s] -- Up-to-date: /home/naoki/ros2_ws/install/custom_msgs/share/custom_msgs/local_setup.bash
[0.714s] -- Up-to-date: /home/naoki/ros2_ws/install/custom_msgs/share/custom_msgs/local_setup.sh
[0.714s] -- Up-to-date: /home/naoki/ros2_ws/install/custom_msgs/share/custom_msgs/local_setup.zsh
[0.715s] -- Up-to-date: /home/naoki/ros2_ws/install/custom_msgs/share/custom_msgs/local_setup.dsv
[0.715s] -- Installing: /home/naoki/ros2_ws/install/custom_msgs/share/custom_msgs/package.dsv
[0.715s] -- Up-to-date: /home/naoki/ros2_ws/install/custom_msgs/share/ament_index/resource_index/packages/custom_msgs
[0.715s] -- Up-to-date: /home/naoki/ros2_ws/install/custom_msgs/share/custom_msgs/cmake/custom_msgs__rosidl_generator_cExport.cmake
[0.715s] -- Up-to-date: /home/naoki/ros2_ws/install/custom_msgs/share/custom_msgs/cmake/custom_msgs__rosidl_generator_cExport-noconfig.cmake
[0.715s] -- Up-to-date: /home/naoki/ros2_ws/install/custom_msgs/share/custom_msgs/cmake/custom_msgs__rosidl_typesupport_introspection_cExport.cmake
[0.715s] -- Up-to-date: /home/naoki/ros2_ws/install/custom_msgs/share/custom_msgs/cmake/custom_msgs__rosidl_typesupport_introspection_cExport-noconfig.cmake
[0.716s] -- Up-to-date: /home/naoki/ros2_ws/install/custom_msgs/share/custom_msgs/cmake/custom_msgs__rosidl_typesupport_cExport.cmake
[0.716s] -- Up-to-date: /home/naoki/ros2_ws/install/custom_msgs/share/custom_msgs/cmake/custom_msgs__rosidl_typesupport_cExport-noconfig.cmake
[0.717s] -- Up-to-date: /home/naoki/ros2_ws/install/custom_msgs/share/custom_msgs/cmake/custom_msgs__rosidl_generator_cppExport.cmake
[0.717s] -- Up-to-date: /home/naoki/ros2_ws/install/custom_msgs/share/custom_msgs/cmake/custom_msgs__rosidl_typesupport_introspection_cppExport.cmake
[0.717s] -- Up-to-date: /home/naoki/ros2_ws/install/custom_msgs/share/custom_msgs/cmake/custom_msgs__rosidl_typesupport_introspection_cppExport-noconfig.cmake
[0.717s] -- Up-to-date: /home/naoki/ros2_ws/install/custom_msgs/share/custom_msgs/cmake/custom_msgs__rosidl_typesupport_cppExport.cmake
[0.718s] -- Up-to-date: /home/naoki/ros2_ws/install/custom_msgs/share/custom_msgs/cmake/custom_msgs__rosidl_typesupport_cppExport-noconfig.cmake
[0.718s] -- Up-to-date: /home/naoki/ros2_ws/install/custom_msgs/share/custom_msgs/cmake/rosidl_cmake-extras.cmake
[0.719s] -- Up-to-date: /home/naoki/ros2_ws/install/custom_msgs/share/custom_msgs/cmake/ament_cmake_export_dependencies-extras.cmake
[0.719s] -- Up-to-date: /home/naoki/ros2_ws/install/custom_msgs/share/custom_msgs/cmake/ament_cmake_export_libraries-extras.cmake
[0.719s] -- Up-to-date: /home/naoki/ros2_ws/install/custom_msgs/share/custom_msgs/cmake/ament_cmake_export_targets-extras.cmake
[0.719s] -- Up-to-date: /home/naoki/ros2_ws/install/custom_msgs/share/custom_msgs/cmake/ament_cmake_export_include_directories-extras.cmake
[0.719s] -- Up-to-date: /home/naoki/ros2_ws/install/custom_msgs/share/custom_msgs/cmake/rosidl_cmake_export_typesupport_libraries-extras.cmake
[0.719s] -- Up-to-date: /home/naoki/ros2_ws/install/custom_msgs/share/custom_msgs/cmake/rosidl_cmake_export_typesupport_targets-extras.cmake
[0.720s] -- Up-to-date: /home/naoki/ros2_ws/install/custom_msgs/share/custom_msgs/cmake/custom_msgsConfig.cmake
[0.720s] -- Up-to-date: /home/naoki/ros2_ws/install/custom_msgs/share/custom_msgs/cmake/custom_msgsConfig-version.cmake
[0.720s] -- Up-to-date: /home/naoki/ros2_ws/install/custom_msgs/share/custom_msgs/package.xml
[0.725s] Invoked command in '/home/naoki/ros2_ws/build/custom_msgs' returned '0': CMAKE_PREFIX_PATH=${CMAKE_PREFIX_PATH}:/home/naoki/ros2_ws/install/mypkg:/opt/ros/foxy /usr/bin/cmake --install /home/naoki/ros2_ws/build/custom_msgs
